app/build/intermediates/manifest_merge_blame_file/debug/manifest-merger-blame-debug-report.txt
1<?xml version="1.0" encoding="utf-8"?>
2<manifest xmlns:android="http://schemas.android.com/apk/res/android"
3    package="com.mainpakage.sprites"
4    android:versionCode="1"
5    android:versionName="1.0" >
6
7    <uses-sdk
8        android:minSdkVersion="15"
8-->src\main\AndroidManifest.xml
9        android:targetSdkVersion="29" />
9-->src\main\AndroidManifest.xml
10
11    <uses-feature
11-->src\main\AndroidManifest.xml:6:5-8:35
12        android:name="android.hardware.camera"
12-->src\main\AndroidManifest.xml:7:9-47
13        android:required="true" />
13-->src\main\AndroidManifest.xml:8:9-32
14
15    <uses-permission android:name="android.permission.WRITE_EXTERNAL_STORAGE" />
15-->src\main\AndroidManifest.xml:10:5-81
15-->src\main\AndroidManifest.xml:10:22-78
16    <uses-permission android:name="android.permission.REORDER_TASKS" />
16-->src\main\AndroidManifest.xml:11:5-72
16-->src\main\AndroidManifest.xml:11:22-69
17
18    <application
18-->src\main\AndroidManifest.xml:13:5-31:19
19        android:allowBackup="true"
19-->src\main\AndroidManifest.xml:14:9-35
20        android:appComponentFactory="androidx.core.app.CoreComponentFactory"
20-->[androidx.core:core:1.0.1] AndroidManifest.xml:22:18-86
21        android:debuggable="true"
22        android:icon="@mipmap/ic_launcher"
22-->src\main\AndroidManifest.xml:15:9-43
23        android:label="Tetrix"
23-->src\main\AndroidManifest.xml:16:9-31
24        android:roundIcon="@mipmap/ic_launcher_round"
24-->src\main\AndroidManifest.xml:17:9-54
25        android:supportsRtl="true"
25-->src\main\AndroidManifest.xml:18:9-35
26        android:theme="@style/Theme.AppCompat.Light.NoActionBar" >
26-->src\main\AndroidManifest.xml:19:9-65
27        <activity
27-->src\main\AndroidManifest.xml:20:9-92
28            android:name="com.mainpakage.Tetrix.Tutorial"
28-->src\main\AndroidManifest.xml:20:19-43
29            android:screenOrientation="portrait" />
29-->src\main\AndroidManifest.xml:20:44-80
30        <activity
30-->src\main\AndroidManifest.xml:21:9-86
31            android:name="com.mainpakage.Tetrix.QuickReboot"
31-->src\main\AndroidManifest.xml:21:19-46
32            android:screenOrientation="portrait" />
32-->src\main\AndroidManifest.xml:21:47-83
33        <activity
33-->src\main\AndroidManifest.xml:22:9-28:20
34            android:name="com.mainpakage.Tetrix.StartMenu"
34-->src\main\AndroidManifest.xml:22:19-44
35            android:screenOrientation="portrait" >
35-->src\main\AndroidManifest.xml:22:45-81
36            <intent-filter>
36-->src\main\AndroidManifest.xml:23:13-27:29
37                <action android:name="android.intent.action.MAIN" />
37-->src\main\AndroidManifest.xml:24:17-69
37-->src\main\AndroidManifest.xml:24:25-66
38
39                <category android:name="android.intent.category.LAUNCHER" />
39-->src\main\AndroidManifest.xml:26:17-77
39-->src\main\AndroidManifest.xml:26:27-74
40            </intent-filter>
41        </activity>
42        <activity
42-->src\main\AndroidManifest.xml:29:9-87
43            android:name="com.mainpakage.Tetrix.MainActivity"
43-->src\main\AndroidManifest.xml:29:19-47
44            android:screenOrientation="portrait" />
44-->src\main\AndroidManifest.xml:29:48-84
45        <activity
45-->src\main\AndroidManifest.xml:30:9-83
46            android:name="com.mainpakage.Tetrix.GameOver"
46-->src\main\AndroidManifest.xml:30:19-43
47            android:screenOrientation="portrait" />
47-->src\main\AndroidManifest.xml:30:44-80
48    </application>
49
50</manifest>